[0223/133001.015:ERROR:process_memory_win.cc(73)] ReadMemory at 0x7ff642840000 of 64 bytes failed: Only part of a ReadProcessMemory or WriteProcessMemory request was completed. (0x12B)
[0223/133001.046:WARNING:pe_image_reader.cc(340)] could not read dos header from C:\Program Files (x86)\Google\Chrome\Application\chrome.exe
[0223/133001.046:ERROR:process_memory_win.cc(73)] ReadMemory at 0x7fff5bf80000 of 64 bytes failed: Only part of a ReadProcessMemory or WriteProcessMemory request was completed. (0x12B)
[0223/133001.046:WARNING:pe_image_reader.cc(340)] could not read dos header from C:\WINDOWS\SYSTEM32\ntdll.dll
[0223/133001.046:ERROR:process_memory_win.cc(73)] ReadMemory at 0x7fff5a950000 of 64 bytes failed: Only part of a ReadProcessMemory or WriteProcessMemory request was completed. (0x12B)
[0223/133001.046:WARNING:pe_image_reader.cc(340)] could not read dos header from C:\WINDOWS\System32\KERNEL32.DLL
[0223/133001.047:ERROR:process_memory_win.cc(73)] ReadMemory at 0x7fff59b10000 of 64 bytes failed: Only part of a ReadProcessMemory or WriteProcessMemory request was completed. (0x12B)
[0223/133001.047:WARNING:pe_image_reader.cc(340)] could not read dos header from C:\WINDOWS\System32\KERNELBASE.dll
[0223/133001.047:ERROR:process_memory_win.cc(73)] ReadMemory at 0x7fff26550000 of 64 bytes failed: Only part of a ReadProcessMemory or WriteProcessMemory request was completed. (0x12B)
[0223/133001.047:WARNING:pe_image_reader.cc(340)] could not read dos header from C:\Program Files (x86)\Google\Chrome\Application\80.0.3987.116\chrome_elf.dll
[0223/133001.047:ERROR:process_memory_win.cc(73)] ReadMemory at 0x7fff4d970000 of 64 bytes failed: Only part of a ReadProcessMemory or WriteProcessMemory request was completed. (0x12B)
[0223/133001.047:WARNING:pe_image_reader.cc(340)] could not read dos header from C:\WINDOWS\SYSTEM32\VERSION.dll
[0223/133001.047:ERROR:process_memory_win.cc(73)] ReadMemory at 0x7fff5a0a0000 of 64 bytes failed: Only part of a ReadProcessMemory or WriteProcessMemory request was completed. (0x12B)
[0223/133001.047:WARNING:pe_image_reader.cc(340)] could not read dos header from C:\WINDOWS\System32\msvcrt.dll
[0223/133001.047:ERROR:process_memory_win.cc(73)] ReadMemory at 0x7fff59020000 of 64 bytes failed: Only part of a ReadProcessMemory or WriteProcessMemory request was completed. (0x12B)
[0223/133001.047:WARNING:pe_image_reader.cc(340)] could not read dos header from C:\WINDOWS\System32\bcryptPrimitives.dll
[0223/133001.047:ERROR:process_memory_win.cc(73)] ReadMemory at 0x7fff5bc40000 of 64 bytes failed: Only part of a ReadProcessMemory or WriteProcessMemory request was completed. (0x12B)
[0223/133001.047:WARNING:pe_image_reader.cc(340)] could not read dos header from C:\WINDOWS\System32\ADVAPI32.dll
[0223/133001.047:ERROR:process_memory_win.cc(73)] ReadMemory at 0x7fff5a1a0000 of 64 bytes failed: Only part of a ReadProcessMemory or WriteProcessMemory request was completed. (0x12B)
[0223/133001.047:WARNING:pe_image_reader.cc(340)] could not read dos header from C:\WINDOWS\System32\sechost.dll
[0223/133001.047:ERROR:process_memory_win.cc(73)] ReadMemory at 0x7fff5b2f0000 of 64 bytes failed: Only part of a ReadProcessMemory or WriteProcessMemory request was completed. (0x12B)
[0223/133001.047:WARNING:pe_image_reader.cc(340)] could not read dos header from C:\WINDOWS\System32\RPCRT4.dll
[0223/133001.047:ERROR:process_memory_win.cc(73)] ReadMemory at 0x7fff09ba0000 of 64 bytes failed: Only part of a ReadProcessMemory or WriteProcessMemory request was completed. (0x12B)
[0223/133001.047:WARNING:pe_image_reader.cc(340)] could not read dos header from C:\Program Files (x86)\Google\Chrome\Application\80.0.3987.116\chrome.dll
[0223/133001.047:ERROR:process_memory_win.cc(73)] ReadMemory at 0x7fff5bb00000 of 64 bytes failed: Only part of a ReadProcessMemory or WriteProcessMemory request was completed. (0x12B)
[0223/133001.048:WARNING:pe_image_reader.cc(340)] could not read dos header from C:\WINDOWS\System32\WS2_32.dll
[0223/133001.048:ERROR:process_memory_win.cc(73)] ReadMemory at 0x7fff5bb70000 of 64 bytes failed: Only part of a ReadProcessMemory or WriteProcessMemory request was completed. (0x12B)
[0223/133001.048:WARNING:pe_image_reader.cc(340)] could not read dos header from C:\WINDOWS\System32\OLEAUT32.dll
[0223/133001.048:ERROR:process_memory_win.cc(73)] ReadMemory at 0x7fff59dc0000 of 64 bytes failed: Only part of a ReadProcessMemory or WriteProcessMemory request was completed. (0x12B)
[0223/133001.048:WARNING:pe_image_reader.cc(340)] could not read dos header from C:\WINDOWS\System32\msvcp_win.dll
[0223/133001.048:ERROR:process_memory_win.cc(73)] ReadMemory at 0x7fff59e80000 of 64 bytes failed: Only part of a ReadProcessMemory or WriteProcessMemory request was completed. (0x12B)
[0223/133001.048:WARNING:pe_image_reader.cc(340)] could not read dos header from C:\WINDOWS\System32\ucrtbase.dll
[0223/133001.048:ERROR:process_memory_win.cc(73)] ReadMemory at 0x7fff5a600000 of 64 bytes failed: Only part of a ReadProcessMemory or WriteProcessMemory request was completed. (0x12B)
[0223/133001.048:WARNING:pe_image_reader.cc(340)] could not read dos header from C:\WINDOWS\System32\combase.dll
[0223/133001.048:ERROR:process_memory_win.cc(73)] ReadMemory at 0x7fff59f80000 of 64 bytes failed: Only part of a ReadProcessMemory or WriteProcessMemory request was completed. (0x12B)
[0223/133001.048:WARNING:pe_image_reader.cc(340)] could not read dos header from C:\WINDOWS\System32\WINTRUST.dll
[0223/133001.048:ERROR:process_memory_win.cc(73)] ReadMemory at 0x7fff58ef0000 of 64 bytes failed: Only part of a ReadProcessMemory or WriteProcessMemory request was completed. (0x12B)
[0223/133001.048:WARNING:pe_image_reader.cc(340)] could not read dos header from C:\WINDOWS\System32\MSASN1.dll
[0223/133001.048:ERROR:process_memory_win.cc(73)] ReadMemory at 0x7fff599c0000 of 64 bytes failed: Only part of a ReadProcessMemory or WriteProcessMemory request was completed. (0x12B)
[0223/133001.048:WARNING:pe_image_reader.cc(340)] could not read dos header from C:\WINDOWS\System32\CRYPT32.dll
[0223/133001.048:ERROR:process_memory_win.cc(73)] ReadMemory at 0x7fff58370000 of 64 bytes failed: Only part of a ReadProcessMemory or WriteProcessMemory request was completed. (0x12B)
[0223/133001.048:WARNING:pe_image_reader.cc(340)] could not read dos header from C:\WINDOWS\SYSTEM32\IPHLPAPI.DLL
[0223/133001.048:ERROR:process_memory_win.cc(73)] ReadMemory at 0x7fff55050000 of 64 bytes failed: Only part of a ReadProcessMemory or WriteProcessMemory request was completed. (0x12B)
[0223/133001.049:WARNING:pe_image_reader.cc(340)] could not read dos header from C:\WINDOWS\SYSTEM32\WINMM.dll
[0223/133001.049:ERROR:process_memory_win.cc(73)] ReadMemory at 0x7fff43d50000 of 64 bytes failed: Only part of a ReadProcessMemory or WriteProcessMemory request was completed. (0x12B)
[0223/133001.049:WARNING:pe_image_reader.cc(340)] could not read dos header from C:\WINDOWS\SYSTEM32\Secur32.dll
[0223/133001.049:ERROR:process_memory_win.cc(73)] ReadMemory at 0x7fff58d70000 of 64 bytes failed: Only part of a ReadProcessMemory or WriteProcessMemory request was completed. (0x12B)
[0223/133001.049:WARNING:pe_image_reader.cc(340)] could not read dos header from C:\WINDOWS\SYSTEM32\USERENV.dll
[0223/133001.049:ERROR:process_memory_win.cc(73)] ReadMemory at 0x7fff58eb0000 of 64 bytes failed: Only part of a ReadProcessMemory or WriteProcessMemory request was completed. (0x12B)
[0223/133001.049:WARNING:pe_image_reader.cc(340)] could not read dos header from C:\WINDOWS\System32\profapi.dll
[0223/133001.049:ERROR:process_memory_win.cc(73)] ReadMemory at 0x7fff34d20000 of 64 bytes failed: Only part of a ReadProcessMemory or WriteProcessMemory request was completed. (0x12B)
[0223/133001.049:WARNING:pe_image_reader.cc(340)] could not read dos header from C:\WINDOWS\SYSTEM32\UIAutomationCore.DLL
[0223/133001.049:ERROR:process_memory_win.cc(73)] ReadMemory at 0x7fff4ab90000 of 64 bytes failed: Only part of a ReadProcessMemory or WriteProcessMemory request was completed. (0x12B)
[0223/133001.049:WARNING:pe_image_reader.cc(340)] could not read dos header from C:\WINDOWS\SYSTEM32\DWrite.dll
[0223/133001.049:ERROR:process_memory_win.cc(73)] ReadMemory at 0x7fff44300000 of 64 bytes failed: Only part of a ReadProcessMemory or WriteProcessMemory request was completed. (0x12B)
[0223/133001.049:WARNING:pe_image_reader.cc(340)] could not read dos header from C:\WINDOWS\SYSTEM32\WINSPOOL.DRV
[0223/133001.049:ERROR:process_memory_win.cc(73)] ReadMemory at 0x7fff58ed0000 of 64 bytes failed: Only part of a ReadProcessMemory or WriteProcessMemory request was completed. (0x12B)
[0223/133001.049:WARNING:pe_image_reader.cc(340)] could not read dos header from C:\WINDOWS\System32\kernel.appcore.dll
[0223/133001.049:ERROR:process_memory_win.cc(73)] ReadMemory at 0x7fff58fc0000 of 64 bytes failed: Only part of a ReadProcessMemory or WriteProcessMemory request was completed. (0x12B)
[0223/133001.049:WARNING:pe_image_reader.cc(340)] could not read dos header from C:\WINDOWS\System32\bcrypt.dll
[0223/133001.049:ERROR:process_memory_win.cc(73)] ReadMemory at 0x7fff575f0000 of 64 bytes failed: Only part of a ReadProcessMemory or WriteProcessMemory request was completed. (0x12B)
[0223/133001.049:WARNING:pe_image_reader.cc(340)] could not read dos header from C:\WINDOWS\SYSTEM32\dbghelp.dll
[0223/133001.050:ERROR:process_memory_win.cc(73)] ReadMemory at 0x7fff4efa0000 of 64 bytes failed: Only part of a ReadProcessMemory or WriteProcessMemory request was completed. (0x12B)
[0223/133001.050:WARNING:pe_image_reader.cc(340)] could not read dos header from C:\WINDOWS\SYSTEM32\WINHTTP.dll
[0223/133001.050:ERROR:process_memory_win.cc(73)] ReadMemory at 0x7fff51d30000 of 64 bytes failed: Only part of a ReadProcessMemory or WriteProcessMemory request was completed. (0x12B)
[0223/133001.050:WARNING:pe_image_reader.cc(340)] could not read dos header from C:\WINDOWS\SYSTEM32\dhcpcsvc.DLL
[0223/133001.050:ERROR:process_memory_win.cc(73)] ReadMemory at 0x7fff5aa70000 of 64 bytes failed: Only part of a ReadProcessMemory or WriteProcessMemory request was completed. (0x12B)
[0223/133001.050:WARNING:pe_image_reader.cc(340)] could not read dos header from C:\WINDOWS\System32\NSI.dll
[0223/133001.050:ERROR:process_memory_win.cc(73)] ReadMemory at 0x7fff55020000 of 64 bytes failed: Only part of a ReadProcessMemory or WriteProcessMemory request was completed. (0x12B)
[0223/133001.050:WARNING:pe_image_reader.cc(340)] could not read dos header from C:\WINDOWS\SYSTEM32\WINMMBASE.dll
[0223/133001.050:ERROR:process_memory_win.cc(73)] ReadMemory at 0x7fff59fe0000 of 64 bytes failed: Only part of a ReadProcessMemory or WriteProcessMemory request was completed. (0x12B)
[0223/133001.050:WARNING:pe_image_reader.cc(340)] could not read dos header from C:\WINDOWS\System32\cfgmgr32.dll
[0223/133001.050:ERROR:process_memory_win.cc(73)] ReadMemory at 0x7fff568b0000 of 64 bytes failed: Only part of a ReadProcessMemory or WriteProcessMemory request was completed. (0x12B)
[0223/133001.050:WARNING:pe_image_reader.cc(340)] could not read dos header from C:\WINDOWS\SYSTEM32\PROPSYS.dll
[0223/133001.050:ERROR:process_memory_win.cc(73)] ReadMemory at 0x7fff5be90000 of 64 bytes failed: Only part of a ReadProcessMemory or WriteProcessMemory request was completed. (0x12B)
[0223/133001.050:WARNING:pe_image_reader.cc(340)] could not read dos header from C:\WINDOWS\System32\shcore.dll
[0223/133001.050:ERROR:process_memory_win.cc(73)] ReadMemory at 0x7fff58d40000 of 64 bytes failed: Only part of a ReadProcessMemory or WriteProcessMemory request was completed. (0x12B)
[0223/133001.050:WARNING:pe_image_reader.cc(340)] could not read dos header from C:\WINDOWS\SYSTEM32\SSPICLI.DLL
[0223/133001.050:ERROR:process_memory_win.cc(73)] ReadMemory at 0x7fff58830000 of 64 bytes failed: Only part of a ReadProcessMemory or WriteProcessMemory request was completed. (0x12B)
[0223/133001.050:WARNING:pe_image_reader.cc(340)] could not read dos header from C:\WINDOWS\SYSTEM32\CRYPTBASE.DLL
[0223/133001.050:ERROR:process_memory_win.cc(73)] ReadMemory at 0x7ff642840000 of 64 bytes failed: Only part of a ReadProcessMemory or WriteProcessMemory request was completed. (0x12B)
[0223/133001.050:WARNING:pe_image_reader.cc(340)] could not read dos header from C:\Program Files (x86)\Google\Chrome\Application\chrome.exe
[0223/133001.051:ERROR:process_memory_win.cc(73)] ReadMemory at 0x7fff5bf80000 of 64 bytes failed: Only part of a ReadProcessMemory or WriteProcessMemory request was completed. (0x12B)
[0223/133001.051:WARNING:pe_image_reader.cc(340)] could not read dos header from C:\WINDOWS\SYSTEM32\ntdll.dll
[0223/133001.051:ERROR:process_memory_win.cc(73)] ReadMemory at 0x7fff5a950000 of 64 bytes failed: Only part of a ReadProcessMemory or WriteProcessMemory request was completed. (0x12B)
[0223/133001.051:WARNING:pe_image_reader.cc(340)] could not read dos header from C:\WINDOWS\System32\KERNEL32.DLL
[0223/133001.051:ERROR:process_memory_win.cc(73)] ReadMemory at 0x7fff59b10000 of 64 bytes failed: Only part of a ReadProcessMemory or WriteProcessMemory request was completed. (0x12B)
[0223/133001.051:WARNING:pe_image_reader.cc(340)] could not read dos header from C:\WINDOWS\System32\KERNELBASE.dll
[0223/133001.051:ERROR:process_memory_win.cc(73)] ReadMemory at 0x7fff26550000 of 64 bytes failed: Only part of a ReadProcessMemory or WriteProcessMemory request was completed. (0x12B)
[0223/133001.051:WARNING:pe_image_reader.cc(340)] could not read dos header from C:\Program Files (x86)\Google\Chrome\Application\80.0.3987.116\chrome_elf.dll
[0223/133001.051:ERROR:process_memory_win.cc(73)] ReadMemory at 0x7fff4d970000 of 64 bytes failed: Only part of a ReadProcessMemory or WriteProcessMemory request was completed. (0x12B)
[0223/133001.051:WARNING:pe_image_reader.cc(340)] could not read dos header from C:\WINDOWS\SYSTEM32\VERSION.dll
[0223/133001.051:ERROR:process_memory_win.cc(73)] ReadMemory at 0x7fff5a0a0000 of 64 bytes failed: Only part of a ReadProcessMemory or WriteProcessMemory request was completed. (0x12B)
[0223/133001.051:WARNING:pe_image_reader.cc(340)] could not read dos header from C:\WINDOWS\System32\msvcrt.dll
[0223/133001.051:ERROR:process_memory_win.cc(73)] ReadMemory at 0x7fff59020000 of 64 bytes failed: Only part of a ReadProcessMemory or WriteProcessMemory request was completed. (0x12B)
[0223/133001.051:WARNING:pe_image_reader.cc(340)] could not read dos header from C:\WINDOWS\System32\bcryptPrimitives.dll
[0223/133001.051:ERROR:process_memory_win.cc(73)] ReadMemory at 0x7fff5bc40000 of 64 bytes failed: Only part of a ReadProcessMemory or WriteProcessMemory request was completed. (0x12B)
[0223/133001.051:WARNING:pe_image_reader.cc(340)] could not read dos header from C:\WINDOWS\System32\ADVAPI32.dll
[0223/133001.051:ERROR:process_memory_win.cc(73)] ReadMemory at 0x7fff5a1a0000 of 64 bytes failed: Only part of a ReadProcessMemory or WriteProcessMemory request was completed. (0x12B)
[0223/133001.051:WARNING:pe_image_reader.cc(340)] could not read dos header from C:\WINDOWS\System32\sechost.dll
[0223/133001.051:ERROR:process_memory_win.cc(73)] ReadMemory at 0x7fff5b2f0000 of 64 bytes failed: Only part of a ReadProcessMemory or WriteProcessMemory request was completed. (0x12B)
[0223/133001.052:WARNING:pe_image_reader.cc(340)] could not read dos header from C:\WINDOWS\System32\RPCRT4.dll
[0223/133001.052:ERROR:process_memory_win.cc(73)] ReadMemory at 0x7fff09ba0000 of 64 bytes failed: Only part of a ReadProcessMemory or WriteProcessMemory request was completed. (0x12B)
[0223/133001.052:WARNING:pe_image_reader.cc(340)] could not read dos header from C:\Program Files (x86)\Google\Chrome\Application\80.0.3987.116\chrome.dll
[0223/133001.052:ERROR:process_memory_win.cc(73)] ReadMemory at 0x7fff5bb00000 of 64 bytes failed: Only part of a ReadProcessMemory or WriteProcessMemory request was completed. (0x12B)
[0223/133001.052:WARNING:pe_image_reader.cc(340)] could not read dos header from C:\WINDOWS\System32\WS2_32.dll
[0223/133001.052:ERROR:process_memory_win.cc(73)] ReadMemory at 0x7fff5bb70000 of 64 bytes failed: Only part of a ReadProcessMemory or WriteProcessMemory request was completed. (0x12B)
[0223/133001.052:WARNING:pe_image_reader.cc(340)] could not read dos header from C:\WINDOWS\System32\OLEAUT32.dll
[0223/133001.052:ERROR:process_memory_win.cc(73)] ReadMemory at 0x7fff59dc0000 of 64 bytes failed: Only part of a ReadProcessMemory or WriteProcessMemory request was completed. (0x12B)
[0223/133001.052:WARNING:pe_image_reader.cc(340)] could not read dos header from C:\WINDOWS\System32\msvcp_win.dll
[0223/133001.052:ERROR:process_memory_win.cc(73)] ReadMemory at 0x7fff59e80000 of 64 bytes failed: Only part of a ReadProcessMemory or WriteProcessMemory request was completed. (0x12B)
[0223/133001.052:WARNING:pe_image_reader.cc(340)] could not read dos header from C:\WINDOWS\System32\ucrtbase.dll
[0223/133001.052:ERROR:process_memory_win.cc(73)] ReadMemory at 0x7fff5a600000 of 64 bytes failed: Only part of a ReadProcessMemory or WriteProcessMemory request was completed. (0x12B)
[0223/133001.052:WARNING:pe_image_reader.cc(340)] could not read dos header from C:\WINDOWS\System32\combase.dll
[0223/133001.052:ERROR:process_memory_win.cc(73)] ReadMemory at 0x7fff59f80000 of 64 bytes failed: Only part of a ReadProcessMemory or WriteProcessMemory request was completed. (0x12B)
[0223/133001.052:WARNING:pe_image_reader.cc(340)] could not read dos header from C:\WINDOWS\System32\WINTRUST.dll
[0223/133001.052:ERROR:process_memory_win.cc(73)] ReadMemory at 0x7fff58ef0000 of 64 bytes failed: Only part of a ReadProcessMemory or WriteProcessMemory request was completed. (0x12B)
[0223/133001.052:WARNING:pe_image_reader.cc(340)] could not read dos header from C:\WINDOWS\System32\MSASN1.dll
[0223/133001.052:ERROR:process_memory_win.cc(73)] ReadMemory at 0x7fff599c0000 of 64 bytes failed: Only part of a ReadProcessMemory or WriteProcessMemory request was completed. (0x12B)
[0223/133001.052:WARNING:pe_image_reader.cc(340)] could not read dos header from C:\WINDOWS\System32\CRYPT32.dll
[0223/133001.053:ERROR:process_memory_win.cc(73)] ReadMemory at 0x7fff58370000 of 64 bytes failed: Only part of a ReadProcessMemory or WriteProcessMemory request was completed. (0x12B)
[0223/133001.053:WARNING:pe_image_reader.cc(340)] could not read dos header from C:\WINDOWS\SYSTEM32\IPHLPAPI.DLL
[0223/133001.053:ERROR:process_memory_win.cc(73)] ReadMemory at 0x7fff55050000 of 64 bytes failed: Only part of a ReadProcessMemory or WriteProcessMemory request was completed. (0x12B)
[0223/133001.053:WARNING:pe_image_reader.cc(340)] could not read dos header from C:\WINDOWS\SYSTEM32\WINMM.dll
[0223/133001.053:ERROR:process_memory_win.cc(73)] ReadMemory at 0x7fff43d50000 of 64 bytes failed: Only part of a ReadProcessMemory or WriteProcessMemory request was completed. (0x12B)
[0223/133001.053:WARNING:pe_image_reader.cc(340)] could not read dos header from C:\WINDOWS\SYSTEM32\Secur32.dll
[0223/133001.053:ERROR:process_memory_win.cc(73)] ReadMemory at 0x7fff58d70000 of 64 bytes failed: Only part of a ReadProcessMemory or WriteProcessMemory request was completed. (0x12B)
[0223/133001.053:WARNING:pe_image_reader.cc(340)] could not read dos header from C:\WINDOWS\SYSTEM32\USERENV.dll
[0223/133001.053:ERROR:process_memory_win.cc(73)] ReadMemory at 0x7fff58eb0000 of 64 bytes failed: Only part of a ReadProcessMemory or WriteProcessMemory request was completed. (0x12B)
[0223/133001.053:WARNING:pe_image_reader.cc(340)] could not read dos header from C:\WINDOWS\System32\profapi.dll
[0223/133001.053:ERROR:process_memory_win.cc(73)] ReadMemory at 0x7fff34d20000 of 64 bytes failed: Only part of a ReadProcessMemory or WriteProcessMemory request was completed. (0x12B)
[0223/133001.053:WARNING:pe_image_reader.cc(340)] could not read dos header from C:\WINDOWS\SYSTEM32\UIAutomationCore.DLL
[0223/133001.053:ERROR:process_memory_win.cc(73)] ReadMemory at 0x7fff4ab90000 of 64 bytes failed: Only part of a ReadProcessMemory or WriteProcessMemory request was completed. (0x12B)
[0223/133001.053:WARNING:pe_image_reader.cc(340)] could not read dos header from C:\WINDOWS\SYSTEM32\DWrite.dll
[0223/133001.053:ERROR:process_memory_win.cc(73)] ReadMemory at 0x7fff44300000 of 64 bytes failed: Only part of a ReadProcessMemory or WriteProcessMemory request was completed. (0x12B)
[0223/133001.053:WARNING:pe_image_reader.cc(340)] could not read dos header from C:\WINDOWS\SYSTEM32\WINSPOOL.DRV
[0223/133001.053:ERROR:process_memory_win.cc(73)] ReadMemory at 0x7fff58ed0000 of 64 bytes failed: Only part of a ReadProcessMemory or WriteProcessMemory request was completed. (0x12B)
[0223/133001.053:WARNING:pe_image_reader.cc(340)] could not read dos header from C:\WINDOWS\System32\kernel.appcore.dll
[0223/133001.054:ERROR:process_memory_win.cc(73)] ReadMemory at 0x7fff58fc0000 of 64 bytes failed: Only part of a ReadProcessMemory or WriteProcessMemory request was completed. (0x12B)
[0223/133001.054:WARNING:pe_image_reader.cc(340)] could not read dos header from C:\WINDOWS\System32\bcrypt.dll
[0223/133001.054:ERROR:process_memory_win.cc(73)] ReadMemory at 0x7fff575f0000 of 64 bytes failed: Only part of a ReadProcessMemory or WriteProcessMemory request was completed. (0x12B)
[0223/133001.054:WARNING:pe_image_reader.cc(340)] could not read dos header from C:\WINDOWS\SYSTEM32\dbghelp.dll
[0223/133001.054:ERROR:process_memory_win.cc(73)] ReadMemory at 0x7fff4efa0000 of 64 bytes failed: Only part of a ReadProcessMemory or WriteProcessMemory request was completed. (0x12B)
[0223/133001.054:WARNING:pe_image_reader.cc(340)] could not read dos header from C:\WINDOWS\SYSTEM32\WINHTTP.dll
[0223/133001.054:ERROR:process_memory_win.cc(73)] ReadMemory at 0x7fff51d30000 of 64 bytes failed: Only part of a ReadProcessMemory or WriteProcessMemory request was completed. (0x12B)
[0223/133001.054:WARNING:pe_image_reader.cc(340)] could not read dos header from C:\WINDOWS\SYSTEM32\dhcpcsvc.DLL
[0223/133001.054:ERROR:process_memory_win.cc(73)] ReadMemory at 0x7fff5aa70000 of 64 bytes failed: Only part of a ReadProcessMemory or WriteProcessMemory request was completed. (0x12B)
[0223/133001.054:WARNING:pe_image_reader.cc(340)] could not read dos header from C:\WINDOWS\System32\NSI.dll
[0223/133001.054:ERROR:process_memory_win.cc(73)] ReadMemory at 0x7fff55020000 of 64 bytes failed: Only part of a ReadProcessMemory or WriteProcessMemory request was completed. (0x12B)
[0223/133001.054:WARNING:pe_image_reader.cc(340)] could not read dos header from C:\WINDOWS\SYSTEM32\WINMMBASE.dll
[0223/133001.054:ERROR:process_memory_win.cc(73)] ReadMemory at 0x7fff59fe0000 of 64 bytes failed: Only part of a ReadProcessMemory or WriteProcessMemory request was completed. (0x12B)
[0223/133001.054:WARNING:pe_image_reader.cc(340)] could not read dos header from C:\WINDOWS\System32\cfgmgr32.dll
[0223/133001.054:ERROR:process_memory_win.cc(73)] ReadMemory at 0x7fff568b0000 of 64 bytes failed: Only part of a ReadProcessMemory or WriteProcessMemory request was completed. (0x12B)
[0223/133001.054:WARNING:pe_image_reader.cc(340)] could not read dos header from C:\WINDOWS\SYSTEM32\PROPSYS.dll
[0223/133001.054:ERROR:process_memory_win.cc(73)] ReadMemory at 0x7fff5be90000 of 64 bytes failed: Only part of a ReadProcessMemory or WriteProcessMemory request was completed. (0x12B)
[0223/133001.054:WARNING:pe_image_reader.cc(340)] could not read dos header from C:\WINDOWS\System32\shcore.dll
[0223/133001.054:ERROR:process_memory_win.cc(73)] ReadMemory at 0x7fff58d40000 of 64 bytes failed: Only part of a ReadProcessMemory or WriteProcessMemory request was completed. (0x12B)
[0223/133001.055:WARNING:pe_image_reader.cc(340)] could not read dos header from C:\WINDOWS\SYSTEM32\SSPICLI.DLL
[0223/133001.055:ERROR:process_memory_win.cc(73)] ReadMemory at 0x7fff58830000 of 64 bytes failed: Only part of a ReadProcessMemory or WriteProcessMemory request was completed. (0x12B)
[0223/133001.055:WARNING:pe_image_reader.cc(340)] could not read dos header from C:\WINDOWS\SYSTEM32\CRYPTBASE.DLL
[0223/133001.066:ERROR:process_memory_win.cc(73)] ReadMemory at 0x2605ec000 of 81920 bytes failed: Only part of a ReadProcessMemory or WriteProcessMemory request was completed. (0x12B)
[0223/133001.066:ERROR:process_memory_win.cc(73)] ReadMemory at 0x260dfd000 of 12288 bytes failed: Only part of a ReadProcessMemory or WriteProcessMemory request was completed. (0x12B)
[0223/133001.066:ERROR:process_memory_win.cc(73)] ReadMemory at 0x2615f9000 of 28672 bytes failed: Only part of a ReadProcessMemory or WriteProcessMemory request was completed. (0x12B)
[0223/133001.066:ERROR:process_memory_win.cc(73)] ReadMemory at 0x261dfc000 of 16384 bytes failed: Only part of a ReadProcessMemory or WriteProcessMemory request was completed. (0x12B)
[0223/133001.067:ERROR:process_memory_win.cc(73)] ReadMemory at 0x2625fc000 of 16384 bytes failed: Only part of a ReadProcessMemory or WriteProcessMemory request was completed. (0x12B)
[0223/133001.067:ERROR:process_memory_win.cc(73)] ReadMemory at 0x262dff000 of 4096 bytes failed: Only part of a ReadProcessMemory or WriteProcessMemory request was completed. (0x12B)
[0223/133001.067:ERROR:process_memory_win.cc(73)] ReadMemory at 0x2635fd000 of 12288 bytes failed: Only part of a ReadProcessMemory or WriteProcessMemory request was completed. (0x12B)
[0223/133001.067:ERROR:process_memory_win.cc(73)] ReadMemory at 0x263dfb000 of 20480 bytes failed: Only part of a ReadProcessMemory or WriteProcessMemory request was completed. (0x12B)
[0223/133001.067:ERROR:process_memory_win.cc(73)] ReadMemory at 0x264dfd000 of 12288 bytes failed: Only part of a ReadProcessMemory or WriteProcessMemory request was completed. (0x12B)
[0223/133001.067:ERROR:process_memory_win.cc(73)] ReadMemory at 0x2655f7000 of 36864 bytes failed: Only part of a ReadProcessMemory or WriteProcessMemory request was completed. (0x12B)
[0223/133001.067:ERROR:process_memory_win.cc(73)] ReadMemory at 0x265df6000 of 40960 bytes failed: Only part of a ReadProcessMemory or WriteProcessMemory request was completed. (0x12B)
[0223/133001.068:ERROR:process_memory_win.cc(73)] ReadMemory at 0x2665fc000 of 16384 bytes failed: Only part of a ReadProcessMemory or WriteProcessMemory request was completed. (0x12B)
[0223/133001.068:ERROR:process_memory_win.cc(73)] ReadMemory at 0x2675fd000 of 12288 bytes failed: Only part of a ReadProcessMemory or WriteProcessMemory request was completed. (0x12B)
[0223/133001.068:ERROR:process_memory_win.cc(73)] ReadMemory at 0x2645fe000 of 8192 bytes failed: Only part of a ReadProcessMemory or WriteProcessMemory request was completed. (0x12B)
[0223/133001.068:ERROR:process_memory_win.cc(73)] ReadMemory at 0x25fc84000 of 852 bytes failed: Only part of a ReadProcessMemory or WriteProcessMemory request was completed. (0x12B)
[0223/133001.068:ERROR:process_memory_win.cc(73)] ReadMemory at 0x25fc85000 of 6024 bytes failed: Only part of a ReadProcessMemory or WriteProcessMemory request was completed. (0x12B)
[0223/133001.068:ERROR:process_memory_win.cc(73)] ReadMemory at 0x25fc87000 of 6024 bytes failed: Only part of a ReadProcessMemory or WriteProcessMemory request was completed. (0x12B)
[0223/133001.068:ERROR:process_memory_win.cc(73)] ReadMemory at 0x25fc89000 of 6024 bytes failed: Only part of a ReadProcessMemory or WriteProcessMemory request was completed. (0x12B)
[0223/133001.069:ERROR:process_memory_win.cc(73)] ReadMemory at 0x25fc8b000 of 6024 bytes failed: Only part of a ReadProcessMemory or WriteProcessMemory request was completed. (0x12B)
[0223/133001.069:ERROR:process_memory_win.cc(73)] ReadMemory at 0x25fc8d000 of 6024 bytes failed: Only part of a ReadProcessMemory or WriteProcessMemory request was completed. (0x12B)
[0223/133001.069:ERROR:process_memory_win.cc(73)] ReadMemory at 0x25fc8f000 of 6024 bytes failed: Only part of a ReadProcessMemory or WriteProcessMemory request was completed. (0x12B)
[0223/133001.069:ERROR:process_memory_win.cc(73)] ReadMemory at 0x25fc91000 of 6024 bytes failed: Only part of a ReadProcessMemory or WriteProcessMemory request was completed. (0x12B)
[0223/133001.069:ERROR:process_memory_win.cc(73)] ReadMemory at 0x25fc93000 of 6024 bytes failed: Only part of a ReadProcessMemory or WriteProcessMemory request was completed. (0x12B)
[0223/133001.069:ERROR:process_memory_win.cc(73)] ReadMemory at 0x25fc97000 of 6024 bytes failed: Only part of a ReadProcessMemory or WriteProcessMemory request was completed. (0x12B)
[0223/133001.069:ERROR:process_memory_win.cc(73)] ReadMemory at 0x25fc99000 of 6024 bytes failed: Only part of a ReadProcessMemory or WriteProcessMemory request was completed. (0x12B)
[0223/133001.069:ERROR:process_memory_win.cc(73)] ReadMemory at 0x25fc9b000 of 6024 bytes failed: Only part of a ReadProcessMemory or WriteProcessMemory request was completed. (0x12B)
[0223/133001.069:ERROR:process_memory_win.cc(73)] ReadMemory at 0x25fc9d000 of 6024 bytes failed: Only part of a ReadProcessMemory or WriteProcessMemory request was completed. (0x12B)
[0223/133001.070:ERROR:process_memory_win.cc(73)] ReadMemory at 0x25fca1000 of 6024 bytes failed: Only part of a ReadProcessMemory or WriteProcessMemory request was completed. (0x12B)
[0223/133001.070:ERROR:process_memory_win.cc(73)] ReadMemory at 0x25fca3000 of 6024 bytes failed: Only part of a ReadProcessMemory or WriteProcessMemory request was completed. (0x12B)
[0223/133001.070:ERROR:process_memory_win.cc(73)] ReadMemory at 0x11356440dc0 of 512 bytes failed: Only part of a ReadProcessMemory or WriteProcessMemory request was completed. (0x12B)
[0223/133001.070:ERROR:process_memory_win.cc(73)] ReadMemory at 0x11356442200 of 512 bytes failed: Only part of a ReadProcessMemory or WriteProcessMemory request was completed. (0x12B)
[0223/133001.070:ERROR:process_memory_win.cc(73)] ReadMemory at 0x11356470750 of 80 bytes failed: Only part of a ReadProcessMemory or WriteProcessMemory request was completed. (0x12B)
[0223/133001.070:ERROR:process_memory_win.cc(73)] ReadMemory at 0x11356470fe0 of 11146 bytes failed: Only part of a ReadProcessMemory or WriteProcessMemory request was completed. (0x12B)
[0223/133001.070:ERROR:process_memory_win.cc(73)] ReadMemory at 0x11356473b80 of 1012 bytes failed: Only part of a ReadProcessMemory or WriteProcessMemory request was completed. (0x12B)
[0223/133001.070:ERROR:process_memory_win.cc(73)] ReadMemory at 0x113564741c8 of 118 bytes failed: Only part of a ReadProcessMemory or WriteProcessMemory request was completed. (0x12B)
[0223/133001.070:ERROR:process_memory_win.cc(73)] ReadMemory at 0x11356474240 of 804 bytes failed: Only part of a ReadProcessMemory or WriteProcessMemory request was completed. (0x12B)
[0223/133001.071:ERROR:process_memory_win.cc(73)] ReadMemory at 0x11356474566 of 118 bytes failed: Only part of a ReadProcessMemory or WriteProcessMemory request was completed. (0x12B)
[0223/133001.071:ERROR:process_memory_win.cc(73)] ReadMemory at 0x113564745de of 102 bytes failed: Only part of a ReadProcessMemory or WriteProcessMemory request was completed. (0x12B)
[0223/133001.071:ERROR:process_memory_win.cc(73)] ReadMemory at 0x11356474650 of 58 bytes failed: Only part of a ReadProcessMemory or WriteProcessMemory request was completed. (0x12B)
[0223/133001.071:ERROR:process_memory_win.cc(73)] ReadMemory at 0x11356474750 of 132 bytes failed: Only part of a ReadProcessMemory or WriteProcessMemory request was completed. (0x12B)
[0223/133001.071:ERROR:process_memory_win.cc(73)] ReadMemory at 0x113564748e0 of 132 bytes failed: Only part of a ReadProcessMemory or WriteProcessMemory request was completed. (0x12B)
[0223/133001.071:ERROR:process_memory_win.cc(73)] ReadMemory at 0x11356474aa0 of 126 bytes failed: Only part of a ReadProcessMemory or WriteProcessMemory request was completed. (0x12B)
[0223/133001.071:ERROR:process_memory_win.cc(73)] ReadMemory at 0x11356474e80 of 132 bytes failed: Only part of a ReadProcessMemory or WriteProcessMemory request was completed. (0x12B)
[0223/133001.071:ERROR:process_memory_win.cc(73)] ReadMemory at 0x11356475010 of 64 bytes failed: Only part of a ReadProcessMemory or WriteProcessMemory request was completed. (0x12B)
[0223/133001.071:ERROR:process_memory_win.cc(73)] ReadMemory at 0x11356475060 of 132 bytes failed: Only part of a ReadProcessMemory or WriteProcessMemory request was completed. (0x12B)
[0223/133001.071:ERROR:process_memory_win.cc(73)] ReadMemory at 0x113564751d0 of 132 bytes failed: Only part of a ReadProcessMemory or WriteProcessMemory request was completed. (0x12B)
[0223/133001.071:ERROR:process_memory_win.cc(73)] ReadMemory at 0x11356475470 of 132 bytes failed: Only part of a ReadProcessMemory or WriteProcessMemory request was completed. (0x12B)
[0223/133001.071:ERROR:process_memory_win.cc(73)] ReadMemory at 0x11356475600 of 68 bytes failed: Only part of a ReadProcessMemory or WriteProcessMemory request was completed. (0x12B)
[0223/133001.071:ERROR:process_memory_win.cc(73)] ReadMemory at 0x113564766e0 of 132 bytes failed: Only part of a ReadProcessMemory or WriteProcessMemory request was completed. (0x12B)
[0223/133001.072:ERROR:process_memory_win.cc(73)] ReadMemory at 0x11356476870 of 154 bytes failed: Only part of a ReadProcessMemory or WriteProcessMemory request was completed. (0x12B)
[0223/133001.072:ERROR:process_memory_win.cc(73)] ReadMemory at 0x11356477670 of 62 bytes failed: Only part of a ReadProcessMemory or WriteProcessMemory request was completed. (0x12B)
[0223/133001.072:ERROR:process_memory_win.cc(73)] ReadMemory at 0x113564776f0 of 146 bytes failed: Only part of a ReadProcessMemory or WriteProcessMemory request was completed. (0x12B)
[0223/133001.072:ERROR:process_memory_win.cc(73)] ReadMemory at 0x113564777d0 of 132 bytes failed: Only part of a ReadProcessMemory or WriteProcessMemory request was completed. (0x12B)
[0223/133001.072:ERROR:process_memory_win.cc(73)] ReadMemory at 0x11356477960 of 60 bytes failed: Only part of a ReadProcessMemory or WriteProcessMemory request was completed. (0x12B)
[0223/133001.072:ERROR:process_memory_win.cc(73)] ReadMemory at 0x11356478060 of 132 bytes failed: Only part of a ReadProcessMemory or WriteProcessMemory request was completed. (0x12B)
[0223/133001.072:ERROR:process_memory_win.cc(73)] ReadMemory at 0x11356479d10 of 132 bytes failed: Only part of a ReadProcessMemory or WriteProcessMemory request was completed. (0x12B)
[0223/133001.072:ERROR:process_memory_win.cc(73)] ReadMemory at 0x1135647cc60 of 66 bytes failed: Only part of a ReadProcessMemory or WriteProcessMemory request was completed. (0x12B)
[0223/133001.072:ERROR:process_memory_win.cc(73)] ReadMemory at 0x1135647ccb0 of 64 bytes failed: Only part of a ReadProcessMemory or WriteProcessMemory request was completed. (0x12B)
[0223/133001.072:ERROR:process_memory_win.cc(73)] ReadMemory at 0x1135647cd00 of 62 bytes failed: Only part of a ReadProcessMemory or WriteProcessMemory request was completed. (0x12B)
[0223/133001.072:ERROR:process_memory_win.cc(73)] ReadMemory at 0x1135647cda0 of 64 bytes failed: Only part of a ReadProcessMemory or WriteProcessMemory request was completed. (0x12B)
[0223/133001.072:ERROR:process_memory_win.cc(73)] ReadMemory at 0x1135647ce40 of 64 bytes failed: Only part of a ReadProcessMemory or WriteProcessMemory request was completed. (0x12B)
[0223/133001.072:ERROR:process_memory_win.cc(73)] ReadMemory at 0x1135647ce90 of 62 bytes failed: Only part of a ReadProcessMemory or WriteProcessMemory request was completed. (0x12B)
[0223/133001.072:ERROR:process_memory_win.cc(73)] ReadMemory at 0x1135647cee0 of 64 bytes failed: Only part of a ReadProcessMemory or WriteProcessMemory request was completed. (0x12B)
[0223/133001.073:ERROR:process_memory_win.cc(73)] ReadMemory at 0x1135647cf80 of 60 bytes failed: Only part of a ReadProcessMemory or WriteProcessMemory request was completed. (0x12B)
[0223/133001.073:ERROR:process_memory_win.cc(73)] ReadMemory at 0x1135647d1b0 of 60 bytes failed: Only part of a ReadProcessMemory or WriteProcessMemory request was completed. (0x12B)
[0223/133001.073:ERROR:process_memory_win.cc(73)] ReadMemory at 0x1135647d3d0 of 132 bytes failed: Only part of a ReadProcessMemory or WriteProcessMemory request was completed. (0x12B)
[0223/133001.073:ERROR:process_memory_win.cc(73)] ReadMemory at 0x1135647d5f0 of 132 bytes failed: Only part of a ReadProcessMemory or WriteProcessMemory request was completed. (0x12B)
[0223/133001.073:ERROR:process_memory_win.cc(73)] ReadMemory at 0x1135647d950 of 132 bytes failed: Only part of a ReadProcessMemory or WriteProcessMemory request was completed. (0x12B)
[0223/133001.073:ERROR:process_memory_win.cc(73)] ReadMemory at 0x1135647db60 of 132 bytes failed: Only part of a ReadProcessMemory or WriteProcessMemory request was completed. (0x12B)
[0223/133001.073:ERROR:process_memory_win.cc(73)] ReadMemory at 0x1135647e7d0 of 132 bytes failed: Only part of a ReadProcessMemory or WriteProcessMemory request was completed. (0x12B)
[0223/133001.073:ERROR:process_memory_win.cc(73)] ReadMemory at 0x1135647e900 of 132 bytes failed: Only part of a ReadProcessMemory or WriteProcessMemory request was completed. (0x12B)
[0223/133001.073:ERROR:process_memory_win.cc(73)] ReadMemory at 0x1135647ea30 of 132 bytes failed: Only part of a ReadProcessMemory or WriteProcessMemory request was completed. (0x12B)
[0223/133001.073:ERROR:process_memory_win.cc(73)] ReadMemory at 0x1135647eb60 of 132 bytes failed: Only part of a ReadProcessMemory or WriteProcessMemory request was completed. (0x12B)
[0223/133001.073:ERROR:process_memory_win.cc(73)] ReadMemory at 0x1135647ec90 of 132 bytes failed: Only part of a ReadProcessMemory or WriteProcessMemory request was completed. (0x12B)
[0223/133001.073:ERROR:process_memory_win.cc(73)] ReadMemory at 0x1135647edc0 of 132 bytes failed: Only part of a ReadProcessMemory or WriteProcessMemory request was completed. (0x12B)
[0223/133001.073:ERROR:process_memory_win.cc(73)] ReadMemory at 0x1135647eef0 of 132 bytes failed: Only part of a ReadProcessMemory or WriteProcessMemory request was completed. (0x12B)
[0223/133001.073:ERROR:process_memory_win.cc(73)] ReadMemory at 0x1135647f020 of 132 bytes failed: Only part of a ReadProcessMemory or WriteProcessMemory request was completed. (0x12B)
[0223/133001.074:ERROR:process_memory_win.cc(73)] ReadMemory at 0x1135647f150 of 132 bytes failed: Only part of a ReadProcessMemory or WriteProcessMemory request was completed. (0x12B)
[0223/133001.074:ERROR:process_memory_win.cc(73)] ReadMemory at 0x1135647f280 of 132 bytes failed: Only part of a ReadProcessMemory or WriteProcessMemory request was completed. (0x12B)
[0223/133001.074:ERROR:process_memory_win.cc(73)] ReadMemory at 0x1135647f3b0 of 132 bytes failed: Only part of a ReadProcessMemory or WriteProcessMemory request was completed. (0x12B)
[0223/133001.074:ERROR:process_memory_win.cc(73)] ReadMemory at 0x1135647f4e0 of 132 bytes failed: Only part of a ReadProcessMemory or WriteProcessMemory request was completed. (0x12B)
[0223/133001.074:ERROR:process_memory_win.cc(73)] ReadMemory at 0x113564804b0 of 80 bytes failed: Only part of a ReadProcessMemory or WriteProcessMemory request was completed. (0x12B)
[0223/133001.074:ERROR:process_memory_win.cc(73)] ReadMemory at 0x113564809f0 of 76 bytes failed: Only part of a ReadProcessMemory or WriteProcessMemory request was completed. (0x12B)
[0223/133001.074:ERROR:process_memory_win.cc(73)] ReadMemory at 0x11356481080 of 132 bytes failed: Only part of a ReadProcessMemory or WriteProcessMemory request was completed. (0x12B)
[0223/133001.074:ERROR:process_memory_win.cc(73)] ReadMemory at 0x11356482ab0 of 54 bytes failed: Only part of a ReadProcessMemory or WriteProcessMemory request was completed. (0x12B)
[0223/133001.074:ERROR:process_memory_win.cc(73)] ReadMemory at 0x11356483b10 of 132 bytes failed: Only part of a ReadProcessMemory or WriteProcessMemory request was completed. (0x12B)
[0223/133001.074:ERROR:process_memory_win.cc(73)] ReadMemory at 0x11356483e60 of 132 bytes failed: Only part of a ReadProcessMemory or WriteProcessMemory request was completed. (0x12B)
[0223/133001.074:ERROR:process_memory_win.cc(73)] ReadMemory at 0x11356487060 of 64 bytes failed: Only part of a ReadProcessMemory or WriteProcessMemory request was completed. (0x12B)
[0223/133001.074:ERROR:process_memory_win.cc(73)] ReadMemory at 0x11356487100 of 62 bytes failed: Only part of a ReadProcessMemory or WriteProcessMemory request was completed. (0x12B)
[0223/133001.074:ERROR:process_memory_win.cc(73)] ReadMemory at 0x113564871f0 of 66 bytes failed: Only part of a ReadProcessMemory or WriteProcessMemory request was completed. (0x12B)
[0223/133001.074:ERROR:process_memory_win.cc(73)] ReadMemory at 0x11356487240 of 62 bytes failed: Only part of a ReadProcessMemory or WriteProcessMemory request was completed. (0x12B)
[0223/133001.074:ERROR:process_memory_win.cc(73)] ReadMemory at 0x11356487380 of 62 bytes failed: Only part of a ReadProcessMemory or WriteProcessMemory request was completed. (0x12B)
[0223/133001.074:ERROR:process_memory_win.cc(73)] ReadMemory at 0x113564874c0 of 64 bytes failed: Only part of a ReadProcessMemory or WriteProcessMemory request was completed. (0x12B)
[0223/133001.075:ERROR:process_memory_win.cc(73)] ReadMemory at 0x11356487560 of 64 bytes failed: Only part of a ReadProcessMemory or WriteProcessMemory request was completed. (0x12B)
[0223/133001.075:ERROR:process_memory_win.cc(73)] ReadMemory at 0x113564875b0 of 60 bytes failed: Only part of a ReadProcessMemory or WriteProcessMemory request was completed. (0x12B)
[0223/133001.075:ERROR:process_memory_win.cc(73)] ReadMemory at 0x11356487650 of 64 bytes failed: Only part of a ReadProcessMemory or WriteProcessMemory request was completed. (0x12B)
[0223/133001.075:ERROR:process_memory_win.cc(73)] ReadMemory at 0x11356487a60 of 62 bytes failed: Only part of a ReadProcessMemory or WriteProcessMemory request was completed. (0x12B)
[0223/133001.075:ERROR:process_memory_win.cc(73)] ReadMemory at 0x11356487b50 of 60 bytes failed: Only part of a ReadProcessMemory or WriteProcessMemory request was completed. (0x12B)
[0223/133001.075:ERROR:process_memory_win.cc(73)] ReadMemory at 0x11356487ba0 of 62 bytes failed: Only part of a ReadProcessMemory or WriteProcessMemory request was completed. (0x12B)
[0223/133001.075:ERROR:process_memory_win.cc(73)] ReadMemory at 0x11356487bf0 of 58 bytes failed: Only part of a ReadProcessMemory or WriteProcessMemory request was completed. (0x12B)
[0223/133001.075:ERROR:process_memory_win.cc(73)] ReadMemory at 0x11356487c40 of 60 bytes failed: Only part of a ReadProcessMemory or WriteProcessMemory request was completed. (0x12B)
[0223/133001.075:ERROR:process_memory_win.cc(73)] ReadMemory at 0x11356487c90 of 62 bytes failed: Only part of a ReadProcessMemory or WriteProcessMemory request was completed. (0x12B)
[0223/133001.075:ERROR:process_memory_win.cc(73)] ReadMemory at 0x11356487ce0 of 62 bytes failed: Only part of a ReadProcessMemory or WriteProcessMemory request was completed. (0x12B)
[0223/133001.075:ERROR:process_memory_win.cc(73)] ReadMemory at 0x11356487d30 of 62 bytes failed: Only part of a ReadProcessMemory or WriteProcessMemory request was completed. (0x12B)
[0223/133001.075:ERROR:process_memory_win.cc(73)] ReadMemory at 0x11356487dd0 of 60 bytes failed: Only part of a ReadProcessMemory or WriteProcessMemory request was completed. (0x12B)
[0223/133001.075:ERROR:process_memory_win.cc(73)] ReadMemory at 0x11356489230 of 132 bytes failed: Only part of a ReadProcessMemory or WriteProcessMemory request was completed. (0x12B)
[0223/133001.076:ERROR:process_memory_win.cc(73)] ReadMemory at 0x11356489360 of 132 bytes failed: Only part of a ReadProcessMemory or WriteProcessMemory request was completed. (0x12B)
[0223/133001.076:ERROR:process_memory_win.cc(73)] ReadMemory at 0x11356489490 of 132 bytes failed: Only part of a ReadProcessMemory or WriteProcessMemory request was completed. (0x12B)
[0223/133001.076:ERROR:process_memory_win.cc(73)] ReadMemory at 0x113564895c0 of 132 bytes failed: Only part of a ReadProcessMemory or WriteProcessMemory request was completed. (0x12B)
[0223/133001.076:ERROR:process_memory_win.cc(73)] ReadMemory at 0x113564896f0 of 132 bytes failed: Only part of a ReadProcessMemory or WriteProcessMemory request was completed. (0x12B)
[0223/133001.076:ERROR:process_memory_win.cc(73)] ReadMemory at 0x11356489bb0 of 132 bytes failed: Only part of a ReadProcessMemory or WriteProcessMemory request was completed. (0x12B)
[0223/133001.076:ERROR:process_memory_win.cc(73)] ReadMemory at 0x11356489ce0 of 132 bytes failed: Only part of a ReadProcessMemory or WriteProcessMemory request was completed. (0x12B)
[0223/133001.076:ERROR:process_memory_win.cc(73)] ReadMemory at 0x11356489e10 of 132 bytes failed: Only part of a ReadProcessMemory or WriteProcessMemory request was completed. (0x12B)
[0223/133001.076:ERROR:process_memory_win.cc(73)] ReadMemory at 0x1135648a400 of 132 bytes failed: Only part of a ReadProcessMemory or WriteProcessMemory request was completed. (0x12B)
[0223/133001.076:ERROR:process_memory_win.cc(73)] ReadMemory at 0x1135648a530 of 132 bytes failed: Only part of a ReadProcessMemory or WriteProcessMemory request was completed. (0x12B)
[0223/133001.076:ERROR:process_memory_win.cc(73)] ReadMemory at 0x113564a06e0 of 512 bytes failed: Only part of a ReadProcessMemory or WriteProcessMemory request was completed. (0x12B)
[0223/133001.076:ERROR:process_memory_win.cc(73)] ReadMemory at 0x113564a1470 of 512 bytes failed: Only part of a ReadProcessMemory or WriteProcessMemory request was completed. (0x12B)
[0223/133001.076:ERROR:process_memory_win.cc(73)] ReadMemory at 0x113565b3640 of 512 bytes failed: Only part of a ReadProcessMemory or WriteProcessMemory request was completed. (0x12B)
[0223/133001.076:ERROR:process_memory_win.cc(73)] ReadMemory at 0x113565b56a0 of 512 bytes failed: Only part of a ReadProcessMemory or WriteProcessMemory request was completed. (0x12B)
[0223/133001.077:ERROR:process_memory_win.cc(73)] ReadMemory at 0x113565d2830 of 712 bytes failed: Only part of a ReadProcessMemory or WriteProcessMemory request was completed. (0x12B)
[0223/133001.077:ERROR:process_memory_win.cc(73)] ReadMemory at 0x113565d30a8 of 512 bytes failed: Only part of a ReadProcessMemory or WriteProcessMemory request was completed. (0x12B)
[0223/133001.077:ERROR:process_memory_win.cc(73)] ReadMemory at 0x11356614298 of 512 bytes failed: Only part of a ReadProcessMemory or WriteProcessMemory request was completed. (0x12B)
[0223/133001.077:ERROR:process_memory_win.cc(73)] ReadMemory at 0x11356614718 of 512 bytes failed: Only part of a ReadProcessMemory or WriteProcessMemory request was completed. (0x12B)
[0223/133001.077:ERROR:process_memory_win.cc(73)] ReadMemory at 0x11356614dd8 of 512 bytes failed: Only part of a ReadProcessMemory or WriteProcessMemory request was completed. (0x12B)
[0223/133001.077:ERROR:process_memory_win.cc(73)] ReadMemory at 0x11358643cd0 of 512 bytes failed: Only part of a ReadProcessMemory or WriteProcessMemory request was completed. (0x12B)
[0223/133001.077:ERROR:process_memory_win.cc(73)] ReadMemory at 0x1135864eb80 of 512 bytes failed: Only part of a ReadProcessMemory or WriteProcessMemory request was completed. (0x12B)
[0223/133001.077:ERROR:process_memory_win.cc(73)] ReadMemory at 0x113596b4e68 of 512 bytes failed: Only part of a ReadProcessMemory or WriteProcessMemory request was completed. (0x12B)
[0223/133001.077:ERROR:process_memory_win.cc(73)] ReadMemory at 0x113596cf700 of 512 bytes failed: Only part of a ReadProcessMemory or WriteProcessMemory request was completed. (0x12B)
[0223/133001.077:ERROR:process_memory_win.cc(73)] ReadMemory at 0x11359a179b8 of 512 bytes failed: Only part of a ReadProcessMemory or WriteProcessMemory request was completed. (0x12B)
[0223/133001.077:ERROR:process_memory_win.cc(73)] ReadMemory at 0x1135ab363e0 of 512 bytes failed: Only part of a ReadProcessMemory or WriteProcessMemory request was completed. (0x12B)
[0223/133001.077:ERROR:process_memory_win.cc(73)] ReadMemory at 0x6da4080402fd of 512 bytes failed: Only part of a ReadProcessMemory or WriteProcessMemory request was completed. (0x12B)
[0223/133001.077:ERROR:process_memory_win.cc(73)] ReadMemory at 0x7fff26577a8d of 512 bytes failed: Only part of a ReadProcessMemory or WriteProcessMemory request was completed. (0x12B)
[0223/133001.078:ERROR:process_memory_win.cc(73)] ReadMemory at 0x7fff26578285 of 512 bytes failed: Only part of a ReadProcessMemory or WriteProcessMemory request was completed. (0x12B)
[0223/133001.078:ERROR:process_memory_win.cc(73)] ReadMemory at 0x7fff5c01c0c4 of 672 bytes failed: Only part of a ReadProcessMemory or WriteProcessMemory request was completed. (0x12B)
[0223/133001.078:ERROR:process_memory_win.cc(73)] ReadMemory at 0x7fff5c01cb94 of 512 bytes failed: Only part of a ReadProcessMemory or WriteProcessMemory request was completed. (0x12B)
[0223/133001.078:ERROR:process_memory_win.cc(73)] ReadMemory at 0x7fff5c01f974 of 608 bytes failed: Only part of a ReadProcessMemory or WriteProcessMemory request was completed. (0x12B)
[0223/133001.078:ERROR:process_memory_win.cc(73)] ReadMemory at 0x7fff5c0ac428 of 18 bytes failed: Only part of a ReadProcessMemory or WriteProcessMemory request was completed. (0x12B)
[0223/133001.078:ERROR:process_memory_win.cc(73)] ReadMemory at 0x7fff5c0df4f8 of 40 bytes failed: Only part of a ReadProcessMemory or WriteProcessMemory request was completed. (0x12B)
[0223/133001.078:ERROR:process_memory_win.cc(73)] ReadMemory at 0x7fff5c0df978 of 48 bytes failed: Only part of a ReadProcessMemory or WriteProcessMemory request was completed. (0x12B)
[0223/133001.078:ERROR:process_memory_win.cc(73)] ReadMemory at 0x7fff5c0e53c0 of 64 bytes failed: Only part of a ReadProcessMemory or WriteProcessMemory request was completed. (0x12B)
[0223/133001.317:ERROR:scoped_process_suspend.cc(40)] NtResumeProcess: An attempt was made to access an exiting process. (0xc000010a)
[0302/130731.250:ERROR:process_memory_win.cc(73)] ReadMemory at 0x7ffd781eed18 of 12 bytes failed: Only part of a ReadProcessMemory or WriteProcessMemory request was completed. (0x12B)
[0302/130731.532:WARNING:process_snapshot_win.cc(71)] ReadMemory ExceptionInformation failed
[0302/130731.595:ERROR:process_info.cc(329)] VirtualQueryEx: Access is denied. (0x5)
[0302/130731.595:ERROR:process_info.cc(556)] ReadMemoryInfo failed
[0302/130731.409:ERROR:process_reader_win.cc(123)] NtOpenThread: {Access Denied} A process has requested access to an object, but has not been granted those access rights. (0xc0000022)
[0302/130731.409:ERROR:process_reader_win.cc(123)] NtOpenThread: {Access Denied} A process has requested access to an object, but has not been granted those access rights. (0xc0000022)
[0302/130731.973:ERROR:exception_snapshot_win.cc(98)] thread ID 16208 not found in process
[0302/130731.973:ERROR:exception_snapshot_win.cc(98)] thread ID 2724 not found in process
[0302/130731.226:ERROR:scoped_process_suspend.cc(31)] NtSuspendProcess: An attempt was made to access an exiting process. (0xc000010a)
[0302/130731.973:ERROR:process_info.cc(118)] ReadProcessMemory bool __cdecl crashpad::(anonymous namespace)::ReadStruct(HANDLE, crashpad::WinVMAddress, T *) [T = crashpad::process_types::PEB<crashpad::process_types::internal::Traits64>]: Only part of a ReadProcessMemory or WriteProcessMemory request was completed. (0x12B)
[0302/130731.973:ERROR:process_info.cc(551)] ReadProcessData failed
[0302/130732.113:ERROR:scoped_process_suspend.cc(40)] NtResumeProcess: An attempt was made to access an exiting process. (0xc000010a)
[0302/130732.113:ERROR:scoped_process_suspend.cc(40)] NtResumeProcess: An attempt was made to access an exiting process. (0xc000010a)
[0302/130732.113:ERROR:scoped_process_suspend.cc(40)] NtResumeProcess: An attempt was made to access an exiting process. (0xc000010a)
[0302/130732.113:ERROR:scoped_process_suspend.cc(40)] NtResumeProcess: An attempt was made to access an exiting process. (0xc000010a)
[0302/130732.160:ERROR:process_reader_win.cc(123)] NtOpenThread: {Access Denied} A process has requested access to an object, but has not been granted those access rights. (0xc0000022)
[0302/130732.160:ERROR:exception_snapshot_win.cc(98)] thread ID 14744 not found in process
[0302/130732.160:ERROR:scoped_process_suspend.cc(40)] NtResumeProcess: An attempt was made to access an exiting process. (0xc000010a)
[0310/032948.145:ERROR:process_info.cc(329)] VirtualQueryEx: Access is denied. (0x5)
[0310/032949.863:ERROR:process_info.cc(556)] ReadMemoryInfo failed
[0310/032949.863:ERROR:scoped_process_suspend.cc(40)] NtResumeProcess: An attempt was made to access an exiting process. (0xc000010a)
